tv/app/build/intermediates/manifest_merge_blame_file/debug/manifest-merger-blame-debug-report.txt
1<?xml version="1.0" encoding="utf-8"?>
2<manifest xmlns:android="http://schemas.android.com/apk/res/android"
3    package="com.opentuwa.stream"
4    android:versionCode="1"
5    android:versionName="1.0.0" >
6
7    <uses-sdk
8        android:minSdkVersion="21"
9        android:targetSdkVersion="34" />
10
11    <uses-permission android:name="android.permission.INTERNET" />
11-->src\main\AndroidManifest.xml:4:5-67
11-->src\main\AndroidManifest.xml:4:22-64
12
13    <uses-feature
13-->src\main\AndroidManifest.xml:6:5-86
14        android:name="android.software.leanback"
14-->src\main\AndroidManifest.xml:6:19-59
15        android:required="true" />
15-->src\main\AndroidManifest.xml:6:60-83
16    <uses-feature
16-->src\main\AndroidManifest.xml:7:5-90
17        android:name="android.hardware.touchscreen"
17-->src\main\AndroidManifest.xml:7:19-62
18        android:required="false" />
18-->src\main\AndroidManifest.xml:7:63-87
19
20    <permission
20-->[androidx.core:core:1.9.0] AndroidManifest.xml:22:5-24:47
21        android:name="com.opentuwa.stream.DYNAMIC_RECEIVER_NOT_EXPORTED_PERMISSION"
21-->[androidx.core:core:1.9.0] AndroidManifest.xml:23:9-81
22        android:protectionLevel="signature" />
22-->[androidx.core:core:1.9.0] AndroidManifest.xml:24:9-44
23
24    <uses-permission android:name="com.opentuwa.stream.DYNAMIC_RECEIVER_NOT_EXPORTED_PERMISSION" />
24-->[androidx.core:core:1.9.0] AndroidManifest.xml:26:5-97
24-->[androidx.core:core:1.9.0] AndroidManifest.xml:26:22-94
25
26    <application
26-->src\main\AndroidManifest.xml:9:5-26:19
27        android:allowBackup="true"
27-->src\main\AndroidManifest.xml:10:9-35
28        android:appComponentFactory="androidx.core.app.CoreComponentFactory"
28-->[androidx.core:core:1.9.0] AndroidManifest.xml:28:18-86
29        android:banner="@android:drawable/sym_def_app_icon"
29-->src\main\AndroidManifest.xml:12:9-60
30        android:debuggable="true"
31        android:extractNativeLibs="true"
32        android:icon="@android:drawable/sym_def_app_icon"
32-->src\main\AndroidManifest.xml:11:9-58
33        android:label="Tuwa"
33-->src\main\AndroidManifest.xml:13:9-29
34        android:supportsRtl="true"
34-->src\main\AndroidManifest.xml:14:9-35
35        android:testOnly="true"
36        android:theme="@style/Theme.AppCompat.NoActionBar" >
36-->src\main\AndroidManifest.xml:15:9-59
37        <activity
37-->src\main\AndroidManifest.xml:17:9-25:20
38            android:name="com.opentuwa.stream.MainActivity"
38-->src\main\AndroidManifest.xml:18:13-41
39            android:exported="true"
39-->src\main\AndroidManifest.xml:19:13-36
40            android:screenOrientation="landscape" >
40-->src\main\AndroidManifest.xml:20:13-50
41            <intent-filter>
41-->src\main\AndroidManifest.xml:21:13-24:29
42                <action android:name="android.intent.action.MAIN" />
42-->src\main\AndroidManifest.xml:22:17-69
42-->src\main\AndroidManifest.xml:22:25-66
43
44                <category android:name="android.intent.category.LEANBACK_LAUNCHER" />
44-->src\main\AndroidManifest.xml:23:17-86
44-->src\main\AndroidManifest.xml:23:27-83
45            </intent-filter>
46        </activity>
47        <activity
47-->[com.google.android.gms:play-services-auth:20.7.0] AndroidManifest.xml:23:9-27:75
48            android:name="com.google.android.gms.auth.api.signin.internal.SignInHubActivity"
48-->[com.google.android.gms:play-services-auth:20.7.0] AndroidManifest.xml:24:13-93
49            android:excludeFromRecents="true"
49-->[com.google.android.gms:play-services-auth:20.7.0] AndroidManifest.xml:25:13-46
50            android:exported="false"
50-->[com.google.android.gms:play-services-auth:20.7.0] AndroidManifest.xml:26:13-37
51            android:theme="@android:style/Theme.Translucent.NoTitleBar" />
51-->[com.google.android.gms:play-services-auth:20.7.0] AndroidManifest.xml:27:13-72
52        <!--
53            Service handling Google Sign-In user revocation. For apps that do not integrate with
54            Google Sign-In, this service will never be started.
55        -->
56        <service
56-->[com.google.android.gms:play-services-auth:20.7.0] AndroidManifest.xml:33:9-37:51
57            android:name="com.google.android.gms.auth.api.signin.RevocationBoundService"
57-->[com.google.android.gms:play-services-auth:20.7.0] AndroidManifest.xml:34:13-89
58            android:exported="true"
58-->[com.google.android.gms:play-services-auth:20.7.0] AndroidManifest.xml:35:13-36
59            android:permission="com.google.android.gms.auth.api.signin.permission.REVOCATION_NOTIFICATION"
59-->[com.google.android.gms:play-services-auth:20.7.0] AndroidManifest.xml:36:13-107
60            android:visibleToInstantApps="true" />
60-->[com.google.android.gms:play-services-auth:20.7.0] AndroidManifest.xml:37:13-48
61
62        <activity
62-->[com.google.android.gms:play-services-base:18.0.1] AndroidManifest.xml:20:9-22:45
63            android:name="com.google.android.gms.common.api.GoogleApiActivity"
63-->[com.google.android.gms:play-services-base:18.0.1] AndroidManifest.xml:20:19-85
64            android:exported="false"
64-->[com.google.android.gms:play-services-base:18.0.1] AndroidManifest.xml:22:19-43
65            android:theme="@android:style/Theme.Translucent.NoTitleBar" />
65-->[com.google.android.gms:play-services-base:18.0.1] AndroidManifest.xml:21:19-78
66
67        <meta-data
67-->[com.google.android.gms:play-services-basement:18.2.0] AndroidManifest.xml:21:9-23:69
68            android:name="com.google.android.gms.version"
68-->[com.google.android.gms:play-services-basement:18.2.0] AndroidManifest.xml:22:13-58
69            android:value="@integer/google_play_services_version" />
69-->[com.google.android.gms:play-services-basement:18.2.0] AndroidManifest.xml:23:13-66
70
71        <provider
71-->[androidx.emoji2:emoji2:1.2.0] AndroidManifest.xml:24:9-32:20
72            android:name="androidx.startup.InitializationProvider"
72-->[androidx.emoji2:emoji2:1.2.0] AndroidManifest.xml:25:13-67
73            android:authorities="com.opentuwa.stream.androidx-startup"
73-->[androidx.emoji2:emoji2:1.2.0] AndroidManifest.xml:26:13-68
74            android:exported="false" >
74-->[androidx.emoji2:emoji2:1.2.0] AndroidManifest.xml:27:13-37
75            <meta-data
75-->[androidx.emoji2:emoji2:1.2.0] AndroidManifest.xml:29:13-31:52
76                android:name="androidx.emoji2.text.EmojiCompatInitializer"
76-->[androidx.emoji2:emoji2:1.2.0] AndroidManifest.xml:30:17-75
77                android:value="androidx.startup" />
77-->[androidx.emoji2:emoji2:1.2.0] AndroidManifest.xml:31:17-49
78            <meta-data
78-->[androidx.lifecycle:lifecycle-process:2.4.1] AndroidManifest.xml:31:13-33:52
79                android:name="androidx.lifecycle.ProcessLifecycleInitializer"
79-->[androidx.lifecycle:lifecycle-process:2.4.1] AndroidManifest.xml:32:17-78
80                android:value="androidx.startup" />
80-->[androidx.lifecycle:lifecycle-process:2.4.1] AndroidManifest.xml:33:17-49
81        </provider>
82    </application>
83
84</manifest>